<?xml version="1.0" encoding="UTF-8"?>
<testng-results skipped="0" failed="0" ignored="0" total="1" passed="1">
  <reporter-output>
  </reporter-output>
  <suite name="Default suite" duration-ms="21775" started-at="2019-02-15T06:10:30Z" finished-at="2019-02-15T06:10:52Z">
    <groups>
    </groups>
    <test name="Default test" duration-ms="21775" started-at="2019-02-15T06:10:30Z" finished-at="2019-02-15T06:10:52Z">
      <class name="FrameWork.AppTest">
        <test-method status="PASS" signature="launchApp()[pri:0, instance:FrameWork.AppTest@74ad1f1f]" name="launchApp" duration-ms="21742" started-at="2019-02-15T06:10:30Z" finished-at="2019-02-15T06:10:52Z">
          <reporter-output>
          </reporter-output>
        </test-method> <!-- launchApp -->
      </class> <!-- FrameWork.AppTest -->
    </test> <!-- Default test -->
  </suite> <!-- Default suite -->
</testng-results>
